<?xml version="1.0" encoding="UTF-8"?>
<coverage generated="1612461598533" clover="3.2.0">
  <project timestamp="1612461598533" name="All files">
    <metrics statements="24" coveredstatements="24" conditionals="4" coveredconditionals="3" methods="2" coveredmethods="2" elements="30" coveredelements="29" complexity="0" loc="24" ncloc="24" packages="1" files="1" classes="1"/>
    <file name="RPG.js" path="C:\Users\porte\Desktop\Epicodus\rpg\src\RPG.js">
      <metrics statements="24" coveredstatements="24" conditionals="4" coveredconditionals="3" methods="2" coveredmethods="2"/>
      <line num="3" count="8" type="stmt"/>
      <line num="4" count="8" type="stmt"/>
      <line num="5" count="8" type="stmt"/>
      <line num="6" count="8" type="stmt"/>
      <line num="19" count="3" type="stmt"/>
      <line num="20" count="3" type="stmt"/>
      <line num="21" count="3" type="stmt"/>
      <line num="22" count="3" type="stmt"/>
      <line num="23" count="3" type="stmt"/>
      <line num="24" count="3" type="stmt"/>
      <line num="26" count="3" type="cond" truecount="2" falsecount="0"/>
      <line num="27" count="2" type="stmt"/>
      <line num="28" count="2" type="stmt"/>
      <line num="29" count="2" type="stmt"/>
      <line num="30" count="2" type="stmt"/>
      <line num="31" count="2" type="stmt"/>
      <line num="32" count="2" type="stmt"/>
      <line num="33" count="1" type="cond" truecount="1" falsecount="1"/>
      <line num="34" count="1" type="stmt"/>
      <line num="35" count="1" type="stmt"/>
      <line num="36" count="1" type="stmt"/>
      <line num="37" count="1" type="stmt"/>
      <line num="38" count="1" type="stmt"/>
      <line num="39" count="1" type="stmt"/>
    </file>
  </project>
</coverage>
