<?xml version="1.0" encoding="UTF-8"?>
<coverage generated="1612391772390" clover="3.2.0">
  <project timestamp="1612391772390" name="All files">
    <metrics statements="25" coveredstatements="25" conditionals="4" coveredconditionals="3" methods="3" coveredmethods="3" elements="32" coveredelements="31" complexity="0" loc="25" ncloc="25" packages="1" files="2" classes="2"/>
    <file name="RPG.js" path="C:\Users\porte\Desktop\Epicodus\rpg\src\RPG.js">
      <metrics statements="3" coveredstatements="3" conditionals="0" coveredconditionals="0" methods="1" coveredmethods="1"/>
      <line num="3" count="4" type="stmt"/>
      <line num="4" count="4" type="stmt"/>
      <line num="5" count="4" type="stmt"/>
    </file>
    <file name="archetypes.js" path="C:\Users\porte\Desktop\Epicodus\rpg\src\archetypes.js">
      <metrics statements="22" coveredstatements="22" conditionals="4" coveredconditionals="3" methods="2" coveredmethods="2"/>
      <line num="3" count="3" type="stmt"/>
      <line num="4" count="3" type="stmt"/>
      <line num="5" count="3" type="stmt"/>
      <line num="6" count="3" type="stmt"/>
      <line num="7" count="3" type="stmt"/>
      <line num="8" count="3" type="stmt"/>
      <line num="9" count="3" type="stmt"/>
      <line num="13" count="2" type="cond" truecount="2" falsecount="0"/>
      <line num="14" count="1" type="stmt"/>
      <line num="15" count="1" type="stmt"/>
      <line num="16" count="1" type="stmt"/>
      <line num="17" count="1" type="stmt"/>
      <line num="18" count="1" type="stmt"/>
      <line num="19" count="1" type="stmt"/>
      <line num="20" count="1" type="stmt"/>
      <line num="22" count="1" type="cond" truecount="1" falsecount="1"/>
      <line num="23" count="1" type="stmt"/>
      <line num="24" count="1" type="stmt"/>
      <line num="25" count="1" type="stmt"/>
      <line num="26" count="1" type="stmt"/>
      <line num="27" count="1" type="stmt"/>
      <line num="28" count="1" type="stmt"/>
    </file>
  </project>
</coverage>
