{"C:\\Users\\porte\\Desktop\\Epicodus\\rpg\\src\\RPG.js": {"path":"C:\\Users\\porte\\Desktop\\Epicodus\\rpg\\src\\RPG.js","statementMap":{"0":{"start":{"line":3,"column":4},"end":{"line":3,"column":21}},"1":{"start":{"line":4,"column":4},"end":{"line":4,"column":31}},"2":{"start":{"line":5,"column":4},"end":{"line":5,"column":19}},"3":{"start":{"line":6,"column":4},"end":{"line":15,"column":6}},"4":{"start":{"line":19,"column":4},"end":{"line":19,"column":27}},"5":{"start":{"line":20,"column":4},"end":{"line":20,"column":23}},"6":{"start":{"line":21,"column":4},"end":{"line":21,"column":24}},"7":{"start":{"line":22,"column":4},"end":{"line":22,"column":24}},"8":{"start":{"line":23,"column":4},"end":{"line":23,"column":21}},"9":{"start":{"line":24,"column":4},"end":{"line":24,"column":23}},"10":{"start":{"line":26,"column":4},"end":{"line":40,"column":5}},"11":{"start":{"line":27,"column":6},"end":{"line":27,"column":26}},"12":{"start":{"line":28,"column":6},"end":{"line":28,"column":26}},"13":{"start":{"line":29,"column":6},"end":{"line":29,"column":29}},"14":{"start":{"line":30,"column":6},"end":{"line":30,"column":27}},"15":{"start":{"line":31,"column":6},"end":{"line":31,"column":24}},"16":{"start":{"line":32,"column":6},"end":{"line":32,"column":26}},"17":{"start":{"line":33,"column":11},"end":{"line":40,"column":5}},"18":{"start":{"line":34,"column":6},"end":{"line":34,"column":25}},"19":{"start":{"line":35,"column":6},"end":{"line":35,"column":30}},"20":{"start":{"line":36,"column":6},"end":{"line":36,"column":27}},"21":{"start":{"line":37,"column":6},"end":{"line":37,"column":27}},"22":{"start":{"line":38,"column":6},"end":{"line":38,"column":24}},"23":{"start":{"line":39,"column":6},"end":{"line":39,"column":26}}},"fnMap":{"0":{"name":"(anonymous_0)","decl":{"start":{"line":2,"column":2},"end":{"line":2,"column":3}},"loc":{"start":{"line":2,"column":31},"end":{"line":16,"column":3}},"line":2},"1":{"name":"(anonymous_1)","decl":{"start":{"line":18,"column":2},"end":{"line":18,"column":3}},"loc":{"start":{"line":18,"column":32},"end":{"line":41,"column":3}},"line":18}},"branchMap":{"0":{"loc":{"start":{"line":26,"column":4},"end":{"line":40,"column":5}},"type":"if","locations":[{"start":{"line":26,"column":4},"end":{"line":40,"column":5}},{"start":{"line":26,"column":4},"end":{"line":40,"column":5}}],"line":26},"1":{"loc":{"start":{"line":33,"column":11},"end":{"line":40,"column":5}},"type":"if","locations":[{"start":{"line":33,"column":11},"end":{"line":40,"column":5}},{"start":{"line":33,"column":11},"end":{"line":40,"column":5}}],"line":33}},"s":{"0":8,"1":8,"2":8,"3":8,"4":3,"5":3,"6":3,"7":3,"8":3,"9":3,"10":3,"11":2,"12":2,"13":2,"14":2,"15":2,"16":2,"17":1,"18":1,"19":1,"20":1,"21":1,"22":1,"23":1},"f":{"0":8,"1":3},"b":{"0":[2,1],"1":[1,0]},"_coverageSchema":"43e27e138ebf9cfc5966b082cf9a028302ed4184","hash":"53f308fd2b7309a944dd46e6e29f9c071886ad6b"}
}
